<?xml version="1.0" encoding="UTF-8"?>
<!-- Generated by org.testng.reporters.JUnitXMLReporter -->
<testsuite hostname="DESKTOP-5N4OCH5" ignored="0" name="DisplayDetails" tests="13" failures="1" timestamp="02 Jan 2020 18:55:34 GMT" time="220.464" errors="0">
  <testcase name="loginPageTitleTest" time="0.014" classname="com.crm.qa.testcases.LoginPageTest">
    <failure type="java.lang.AssertionError" message="expected [Fre2 CRM #1 cloud software for any business large or small] but found [Free CRM #1 cloud software for any business large or small]">
      <![CDATA[java.lang.AssertionError: expected [Fre2 CRM #1 cloud software for any business large or small] but found [Free CRM #1 cloud software for any business large or small]
at com.crm.qa.testcases.LoginPageTest.loginPageTitleTest(LoginPageTest.java:41)
... Removed 31 stack frames]]>
    </failure>
  </testcase> <!-- loginPageTitleTest -->
  <testcase name="userNameLabelTest" time="0.778" classname="com.crm.qa.testcases.HomePageTest"/>
  <testcase name="validateExportButtonTest" time="0.068" classname="com.crm.qa.testcases.ContactsPageTest"/>
  <testcase name="crmLogoImageTest" time="0.059" classname="com.crm.qa.testcases.LoginPageTest"/>
  <testcase name="clickOnContactsLinkTest" time="0.937" classname="com.crm.qa.testcases.HomePageTest"/>
  <testcase name="validateShowFiltersButtonTest" time="0.108" classname="com.crm.qa.testcases.ContactsPageTest"/>
  <testcase name="loginTest" time="2.544" classname="com.crm.qa.testcases.LoginPageTest"/>
  <testcase name="clickOnDealsLinkTest" time="1.321" classname="com.crm.qa.testcases.HomePageTest"/>
  <testcase name="validateNewButtonTest" time="0.056" classname="com.crm.qa.testcases.ContactsPageTest"/>
  <testcase name="createNewContactTest" time="2.544" classname="com.crm.qa.testcases.ContactsPageTest"/>
  <testcase name="createNewContactTest" time="2.779" classname="com.crm.qa.testcases.ContactsPageTest"/>
  <testcase name="createNewContactTest" time="2.68" classname="com.crm.qa.testcases.ContactsPageTest"/>
  <testcase name="createNewContactTest" time="2.577" classname="com.crm.qa.testcases.ContactsPageTest"/>
</testsuite> <!-- DisplayDetails -->
